SF:lib/core/database/database_helper.dart
DA:7,2
DA:11,2
DA:14,6
DA:27,3
DA:28,6
DA:29,2
DA:32,3
DA:33,3
DA:34,1
DA:35,2
DA:38,2
DA:39,2
DA:49,0
DA:50,0
DA:51,0
DA:54,0
DA:58,0
DA:59,0
DA:65,2
DA:67,2
DA:84,2
DA:102,2
DA:121,2
DA:124,2
DA:127,2
DA:130,2
DA:133,2
DA:139,2
DA:140,2
DA:142,2
DA:143,2
DA:152,0
DA:153,0
DA:154,0
DA:155,0
DA:156,0
DA:157,0
DA:158,0
LF:38
LH:25
end_of_record
SF:lib/core/utils/date_utils.dart
DA:6,1
DA:7,3
DA:8,3
DA:9,3
DA:10,1
LF:5
LH:5
end_of_record
SF:lib/features/calendar/data/calendar_repository.dart
DA:12,2
DA:13,1
DA:16,1
DA:17,2
DA:18,2
DA:22,0
DA:23,0
DA:24,0
DA:25,0
DA:26,0
DA:27,0
DA:31,0
DA:36,1
DA:37,2
DA:38,1
DA:40,3
DA:42,1
DA:47,1
DA:48,2
DA:49,1
DA:51,3
DA:53,1
DA:58,1
DA:59,2
DA:60,1
DA:62,1
DA:64,1
DA:69,1
DA:70,2
DA:71,1
DA:73,1
DA:75,1
DA:80,1
DA:81,2
DA:82,1
DA:85,1
DA:90,1
DA:91,2
DA:92,1
DA:97,2
DA:101,1
DA:102,2
DA:103,1
DA:104,1
DA:107,1
DA:110,2
DA:114,2
DA:115,2
DA:116,4
DA:117,2
DA:121,2
DA:125,4
DA:126,1
DA:127,1
DA:128,1
DA:131,1
DA:134,2
DA:141,1
DA:142,2
DA:145,1
DA:148,1
DA:151,2
DA:153,1
DA:156,1
DA:158,2
DA:160,1
DA:161,2
DA:162,1
DA:163,1
DA:164,1
DA:165,1
DA:170,1
DA:175,1
DA:176,2
DA:177,1
DA:180,2
LF:76
LH:69
end_of_record
SF:lib/features/calendar/domain/calendar_event.dart
DA:10,2
DA:27,0
DA:28,0
DA:31,2
DA:32,2
DA:33,2
DA:34,2
DA:35,2
DA:36,2
DA:37,2
DA:38,4
DA:39,2
DA:40,2
DA:41,2
DA:42,2
DA:43,2
DA:44,2
DA:49,2
DA:52,2
DA:53,4
DA:54,2
DA:55,4
DA:56,4
DA:57,4
DA:58,4
DA:59,4
DA:60,4
DA:61,4
DA:62,4
DA:63,4
DA:64,4
DA:69,3
DA:72,1
DA:73,4
DA:76,1
DA:77,3
DA:80,2
DA:81,2
DA:82,3
DA:84,2
DA:85,2
DA:91,1
DA:92,5
LF:43
LH:41
end_of_record
SF:lib/features/calendar/domain/calendar_event.g.dart
DA:9,0
DA:10,0
DA:11,0
DA:12,0
DA:13,0
DA:14,0
DA:15,0
DA:16,0
DA:17,0
DA:18,0
DA:19,0
DA:20,0
DA:21,0
DA:22,0
DA:25,0
DA:26,0
DA:27,0
DA:28,0
DA:29,0
DA:30,0
DA:31,0
DA:32,0
DA:33,0
DA:34,0
DA:35,0
DA:36,0
DA:37,0
DA:38,0
LF:28
LH:0
end_of_record
SF:lib/features/schedule/domain/schedule.dart
DA:12,4
DA:15,2
DA:16,2
DA:17,6
DA:18,1
DA:26,2
DA:42,0
DA:43,0
DA:46,2
DA:47,4
DA:48,2
DA:49,4
DA:50,4
DA:51,4
DA:52,4
DA:53,4
DA:54,4
DA:55,4
DA:56,6
DA:57,4
DA:58,4
DA:63,2
DA:64,2
DA:65,2
DA:66,2
DA:67,2
DA:68,2
DA:69,2
DA:70,2
DA:71,2
DA:72,4
DA:73,2
DA:74,2
DA:75,2
LF:34
LH:32
end_of_record
SF:lib/features/schedule/domain/schedule.g.dart
DA:9,0
DA:10,0
DA:11,0
DA:12,0
DA:13,0
DA:14,0
DA:15,0
DA:16,0
DA:18,0
DA:20,0
DA:21,0
DA:22,0
DA:25,0
DA:26,0
DA:27,0
DA:28,0
DA:29,0
DA:30,0
DA:31,0
DA:32,0
DA:33,0
DA:34,0
DA:35,0
DA:36,0
LF:24
LH:0
end_of_record
SF:lib/features/schedule/data/schedule_repository.dart
DA:11,1
DA:12,0
DA:15,1
DA:19,2
DA:22,1
DA:25,1
DA:28,2
DA:30,1
DA:33,1
DA:36,1
DA:37,0
DA:40,1
DA:41,2
DA:42,1
DA:43,1
DA:44,3
DA:45,1
DA:46,1
DA:53,2
DA:58,1
DA:61,2
DA:65,2
DA:66,2
DA:68,1
DA:71,1
DA:74,1
DA:75,1
DA:79,1
DA:82,1
DA:85,1
DA:87,1
DA:88,2
DA:89,1
DA:90,1
DA:91,3
DA:92,1
DA:93,1
DA:100,1
DA:102,1
DA:104,1
DA:112,1
DA:116,2
DA:117,1
DA:118,1
DA:121,1
DA:122,2
DA:125,0
DA:126,0
DA:129,1
DA:131,1
DA:132,1
DA:136,2
DA:140,1
DA:141,2
DA:142,1
DA:144,1
DA:145,1
DA:146,2
DA:149,1
DA:154,1
DA:160,2
DA:161,1
DA:162,2
DA:165,1
DA:167,4
DA:169,1
DA:171,1
DA:175,1
DA:180,1
DA:181,2
DA:182,1
DA:184,3
DA:186,1
DA:191,1
DA:192,2
DA:193,1
DA:195,1
DA:197,1
DA:202,1
DA:203,2
DA:204,1
DA:207,1
DA:215,1
DA:216,2
DA:217,1
DA:220,3
DA:223,2
DA:224,2
DA:228,1
DA:229,2
DA:230,1
DA:235,2
DA:239,1
DA:240,2
DA:242,3
DA:243,2
DA:244,1
DA:246,3
DA:248,1
DA:252,1
DA:256,2
DA:260,1
DA:261,2
DA:262,1
DA:266,1
DA:267,2
DA:268,1
DA:270,1
DA:271,1
DA:272,2
DA:275,2
DA:281,1
DA:282,2
DA:283,1
DA:286,2
LF:115
LH:111
end_of_record
SF:lib/features/import/data/csv_parser.dart
DA:11,2
DA:32,1
DA:37,1
DA:39,1
DA:41,1
DA:42,0
DA:44,0
DA:45,0
DA:53,1
DA:54,2
DA:55,2
DA:56,2
DA:57,2
DA:58,1
DA:64,1
DA:65,2
DA:71,1
DA:72,2
DA:74,2
DA:76,1
DA:85,6
DA:86,1
DA:88,1
DA:90,1
DA:92,3
DA:93,1
DA:94,1
DA:95,2
DA:99,1
DA:100,5
DA:101,4
DA:104,2
DA:105,2
DA:106,2
DA:110,2
DA:111,2
DA:114,2
DA:116,1
DA:117,2
DA:118,2
DA:119,2
DA:120,2
DA:123,1
LF:43
LH:40
end_of_record
SF:lib/features/import/domain/imported_schedule.dart
DA:9,2
DA:25,0
DA:26,0
DA:29,2
DA:30,4
DA:32,4
DA:33,4
DA:36,2
DA:37,4
DA:38,4
DA:39,4
DA:40,4
DA:42,4
DA:43,4
DA:44,4
DA:46,4
DA:51,1
DA:52,1
DA:53,3
DA:54,2
DA:55,2
DA:56,2
DA:57,2
DA:58,2
DA:59,2
DA:60,2
DA:61,2
DA:62,2
DA:63,4
DA:68,1
DA:69,1
DA:70,1
DA:71,1
DA:72,1
DA:73,1
DA:74,1
DA:75,1
DA:76,1
DA:77,1
DA:78,1
DA:79,1
DA:80,1
LF:42
LH:40
end_of_record
SF:lib/features/import/domain/imported_schedule.g.dart
DA:9,0
DA:10,0
DA:11,0
DA:12,0
DA:13,0
DA:14,0
DA:15,0
DA:16,0
DA:17,0
DA:18,0
DA:19,0
DA:20,0
DA:21,0
DA:24,0
DA:25,0
DA:26,0
DA:27,0
DA:28,0
DA:29,0
DA:30,0
DA:31,0
DA:32,0
DA:33,0
DA:34,0
DA:35,0
DA:36,0
LF:26
LH:0
end_of_record
SF:lib/app.dart
DA:10,1
DA:12,1
DA:14,1
DA:16,1
DA:17,1
LF:5
LH:5
end_of_record
SF:lib/core/constants/app_strings.dart
DA:3,0
LF:1
LH:0
end_of_record
SF:lib/core/router/app_router.dart
DA:11,0
DA:20,3
DA:22,1
DA:23,1
DA:24,2
DA:25,1
DA:26,1
DA:28,1
DA:32,1
DA:34,0
DA:38,1
DA:40,0
DA:44,1
DA:46,0
LF:14
LH:10
end_of_record
SF:lib/core/theme/app_theme.dart
DA:7,0
DA:9,2
DA:11,1
DA:26,1
DA:30,1
DA:31,1
DA:38,1
DA:39,1
DA:41,1
DA:42,1
DA:46,1
DA:47,1
DA:49,1
DA:50,1
DA:54,1
DA:55,1
DA:56,1
LF:17
LH:16
end_of_record
SF:lib/core/constants/app_colors.dart
DA:5,0
LF:1
LH:0
end_of_record
SF:lib/core/constants/app_sizes.dart
DA:3,0
LF:1
LH:0
end_of_record
SF:lib/features/calendar/presentation/screens/calendar_screen.dart
DA:16,1
DA:18,1
DA:20,2
DA:21,2
DA:22,2
DA:24,1
DA:25,1
DA:26,1
DA:27,1
DA:28,1
DA:29,1
DA:30,0
DA:31,0
DA:32,0
DA:34,0
DA:35,0
DA:36,0
DA:38,0
DA:39,0
DA:42,1
DA:44,1
DA:45,0
DA:46,0
DA:47,0
DA:50,0
DA:51,0
DA:54,1
DA:58,1
DA:66,1
DA:67,1
DA:68,0
DA:78,0
DA:83,0
DA:84,0
DA:85,0
DA:86,0
DA:87,0
DA:89,0
DA:90,0
DA:91,0
DA:92,0
DA:93,0
DA:97,1
DA:98,1
DA:103,1
DA:104,0
DA:112,1
DA:117,1
DA:118,1
DA:123,1
DA:125,1
DA:126,1
DA:128,0
DA:129,0
DA:130,0
DA:133,1
DA:134,0
DA:135,0
DA:136,0
DA:138,1
DA:139,1
DA:140,1
DA:141,1
DA:158,1
DA:160,0
DA:161,0
DA:162,0
DA:170,0
DA:175,0
DA:180,0
DA:184,0
DA:189,0
DA:191,0
DA:195,0
DA:200,0
DA:205,0
DA:206,0
LF:77
LH:32
end_of_record
SF:lib/features/schedule/presentation/screens/schedule_screen.dart
DA:16,1
DA:18,0
DA:20,0
DA:22,0
DA:23,0
DA:24,0
DA:25,0
DA:29,0
DA:30,0
DA:31,0
DA:32,0
DA:33,0
DA:34,0
DA:37,0
DA:38,0
DA:40,0
DA:41,0
DA:46,0
DA:47,0
DA:57,0
DA:58,0
DA:60,0
DA:62,0
DA:63,0
DA:74,0
DA:75,0
DA:76,0
DA:77,0
DA:79,0
DA:80,0
DA:86,0
DA:100,0
DA:106,0
DA:107,0
DA:108,0
DA:109,0
DA:112,0
DA:114,0
DA:116,0
DA:117,0
DA:118,0
DA:119,0
DA:120,0
DA:125,0
DA:131,0
DA:133,0
DA:134,0
DA:141,0
DA:142,0
DA:150,0
DA:151,0
DA:153,0
DA:154,0
DA:155,0
DA:161,0
DA:162,0
DA:163,0
DA:166,0
DA:173,0
DA:174,0
DA:176,0
DA:179,0
DA:180,0
DA:181,0
DA:184,0
DA:185,0
DA:186,0
DA:187,0
DA:196,0
DA:198,0
DA:199,0
DA:201,0
DA:205,0
DA:207,0
DA:208,0
DA:209,0
LF:76
LH:1
end_of_record
SF:lib/features/settings/presentation/screens/settings_screen.dart
DA:18,1
DA:20,0
DA:22,0
DA:24,0
DA:25,0
DA:26,0
DA:27,0
DA:30,0
DA:31,0
DA:32,0
DA:33,0
DA:34,0
DA:35,0
DA:39,0
DA:44,0
DA:45,0
DA:47,0
DA:48,0
DA:49,0
DA:50,0
DA:51,0
DA:55,0
DA:56,0
DA:58,0
DA:59,0
DA:61,0
DA:62,0
DA:64,0
DA:65,0
DA:85,0
DA:88,0
DA:89,0
DA:96,0
DA:97,0
DA:99,0
DA:102,0
DA:103,0
DA:104,0
DA:107,0
DA:108,0
DA:118,0
DA:119,0
DA:126,0
DA:127,0
DA:135,0
DA:136,0
DA:137,0
DA:138,0
DA:141,0
DA:142,0
DA:145,0
DA:148,0
DA:150,0
DA:152,0
DA:153,0
DA:154,0
DA:155,0
DA:156,0
DA:162,0
DA:163,0
DA:165,0
DA:169,0
DA:170,0
DA:171,0
DA:172,0
DA:178,0
DA:182,0
DA:184,0
DA:188,0
DA:195,0
DA:202,0
DA:204,0
DA:205,0
DA:208,0
DA:216,0
DA:220,0
DA:221,0
DA:222,0
DA:223,0
DA:230,0
DA:231,0
DA:232,0
DA:233,0
DA:239,0
DA:241,0
DA:242,0
DA:244,0
DA:245,0
DA:246,0
DA:247,0
DA:255,0
DA:256,0
DA:257,0
DA:258,0
DA:267,0
DA:269,0
DA:270,0
DA:271,0
DA:275,0
DA:277,0
DA:278,0
DA:279,0
DA:284,0
DA:285,0
DA:286,0
DA:288,0
DA:289,0
DA:297,0
DA:298,0
DA:301,0
DA:308,0
DA:310,0
DA:311,0
DA:313,0
DA:314,0
DA:315,0
DA:316,0
DA:317,0
DA:318,0
DA:326,0
DA:330,0
DA:332,0
DA:339,0
DA:340,0
LF:124
LH:1
end_of_record
SF:lib/features/trash/presentation/screens/trash_screen.dart
DA:17,1
DA:19,0
DA:21,0
DA:23,0
DA:24,0
DA:25,0
DA:26,0
DA:27,0
DA:28,0
DA:29,0
DA:30,0
DA:35,0
DA:36,0
DA:37,0
DA:56,0
DA:61,0
DA:63,0
DA:64,0
DA:66,0
DA:67,0
DA:74,0
DA:75,0
DA:76,0
DA:86,0
DA:87,0
DA:89,0
DA:91,0
DA:92,0
DA:95,0
DA:96,0
DA:98,0
DA:100,0
DA:101,0
DA:110,0
DA:115,0
DA:117,0
DA:124,0
DA:125,0
DA:138,0
DA:142,0
DA:144,0
DA:145,0
DA:146,0
DA:147,0
DA:148,0
DA:149,0
DA:150,0
DA:151,0
DA:153,0
DA:154,0
DA:155,0
DA:161,0
DA:162,0
DA:163,0
DA:164,0
DA:169,0
DA:173,0
DA:175,0
DA:176,0
DA:177,0
DA:178,0
DA:179,0
DA:180,0
DA:181,0
DA:183,0
DA:184,0
DA:185,0
DA:191,0
DA:192,0
DA:193,0
DA:194,0
DA:199,0
DA:207,0
DA:209,0
DA:211,0
DA:212,0
DA:215,0
DA:217,0
DA:220,0
DA:227,0
DA:231,0
DA:233,0
DA:236,0
DA:237,0
DA:238,0
DA:241,0
DA:242,0
DA:251,0
DA:254,0
DA:256,0
DA:262,0
DA:265,0
DA:266,0
DA:267,0
DA:268,0
LF:95
LH:1
end_of_record
SF:lib/shared/widgets/main_shell.dart
DA:9,1
DA:19,1
DA:20,3
DA:21,3
DA:22,1
DA:25,1
DA:27,1
DA:29,1
DA:30,1
DA:31,1
DA:33,0
DA:35,3
DA:36,1
DA:39,1
LF:14
LH:13
end_of_record
SF:lib/features/calendar/presentation/providers/calendar_providers.dart
DA:8,4
DA:9,1
DA:13,4
DA:14,1
DA:18,2
DA:19,1
DA:25,1
DA:27,3
DA:28,3
DA:29,3
DA:33,0
DA:34,0
DA:35,0
DA:36,0
DA:40,0
DA:41,0
DA:42,0
DA:43,0
DA:47,0
DA:48,0
DA:49,0
DA:50,0
DA:54,0
DA:55,0
DA:57,0
DA:58,0
DA:59,0
DA:61,0
DA:63,0
DA:68,0
DA:69,0
DA:70,0
DA:72,0
DA:73,0
DA:74,0
DA:79,2
DA:80,2
DA:81,2
DA:83,1
DA:84,0
DA:85,0
DA:86,0
DA:93,2
DA:94,2
DA:95,3
DA:96,0
LF:46
LH:17
end_of_record
SF:lib/features/calendar/presentation/widgets/calendar_grid.dart
DA:12,0
DA:37,0
DA:39,0
DA:40,0
DA:41,0
DA:43,0
DA:48,0
DA:49,0
DA:50,0
DA:52,0
DA:54,0
DA:59,0
DA:60,0
DA:61,0
DA:62,0
DA:63,0
DA:75,0
DA:76,0
DA:77,0
DA:79,0
DA:80,0
DA:81,0
DA:82,0
DA:83,0
DA:85,0
DA:86,0
DA:92,0
DA:93,0
DA:94,0
DA:95,0
DA:96,0
DA:99,0
DA:100,0
DA:101,0
DA:103,0
DA:104,0
DA:105,0
DA:106,0
DA:107,0
DA:111,0
DA:112,0
DA:114,0
DA:115,0
DA:120,0
DA:121,0
DA:122,0
DA:123,0
DA:125,0
DA:127,0
DA:128,0
DA:129,0
DA:130,0
DA:131,0
DA:132,0
DA:133,0
DA:134,0
DA:136,0
DA:137,0
DA:142,0
DA:143,0
DA:144,0
DA:145,0
DA:147,0
DA:148,0
DA:149,0
DA:150,0
DA:151,0
DA:153,0
DA:157,0
DA:158,0
DA:160,0
DA:161,0
LF:72
LH:0
end_of_record
SF:lib/features/calendar/presentation/widgets/event_edit_dialog.dart
DA:15,0
DA:25,0
DA:30,0
DA:38,0
DA:45,0
DA:46,0
DA:58,0
DA:60,0
DA:62,0
DA:63,0
DA:64,0
DA:65,0
DA:66,0
DA:67,0
DA:68,0
DA:69,0
DA:70,0
DA:73,0
DA:75,0
DA:76,0
DA:77,0
DA:80,0
DA:82,0
DA:84,0
DA:85,0
DA:86,0
DA:87,0
DA:89,0
DA:90,0
DA:91,0
DA:94,0
DA:95,0
DA:97,0
DA:99,0
DA:101,0
DA:103,0
DA:105,0
DA:107,0
DA:116,0
DA:117,0
DA:118,0
DA:119,0
DA:122,0
DA:124,0
DA:128,0
DA:129,0
DA:142,0
DA:143,0
DA:144,0
DA:149,0
DA:150,0
DA:158,0
DA:159,0
DA:160,0
DA:169,0
DA:170,0
DA:171,0
DA:173,0
DA:174,0
DA:176,0
DA:177,0
DA:180,0
DA:182,0
DA:183,0
DA:184,0
DA:190,0
DA:196,0
DA:197,0
DA:199,0
DA:204,0
DA:205,0
DA:206,0
DA:208,0
DA:209,0
DA:210,0
DA:218,0
DA:219,0
DA:220,0
DA:237,0
DA:238,0
DA:239,0
DA:248,0
DA:249,0
DA:250,0
DA:257,0
DA:258,0
DA:260,0
DA:269,0
DA:270,0
DA:271,0
DA:272,0
DA:273,0
DA:274,0
DA:275,0
DA:279,0
DA:283,0
DA:292,0
DA:298,0
DA:299,0
DA:301,0
DA:302,0
DA:304,0
DA:305,0
DA:307,0
DA:308,0
DA:309,0
DA:310,0
DA:312,0
DA:317,0
DA:318,0
DA:319,0
DA:327,0
DA:328,0
DA:329,0
DA:330,0
DA:331,0
DA:332,0
DA:339,0
DA:345,0
DA:351,0
DA:352,0
DA:353,0
DA:354,0
DA:356,0
DA:362,0
DA:367,0
DA:380,0
DA:381,0
DA:382,0
DA:383,0
DA:385,0
DA:386,0
DA:390,0
DA:392,0
DA:393,0
DA:394,0
DA:397,0
DA:403,0
DA:404,0
DA:405,0
DA:411,0
DA:412,0
DA:413,0
DA:415,0
DA:416,0
DA:417,0
DA:420,0
DA:424,0
DA:425,0
DA:426,0
DA:427,0
DA:429,0
DA:430,0
DA:432,0
DA:434,0
DA:435,0
DA:438,0
DA:440,0
DA:441,0
DA:442,0
DA:443,0
DA:444,0
DA:453,0
DA:454,0
DA:455,0
DA:459,0
DA:460,0
DA:462,0
DA:463,0
DA:464,0
DA:467,0
DA:468,0
DA:469,0
DA:470,0
DA:471,0
DA:472,0
DA:473,0
DA:474,0
DA:475,0
DA:477,0
DA:480,0
DA:482,0
DA:483,0
LF:183
LH:0
end_of_record
SF:lib/features/calendar/presentation/widgets/event_list_section.dart
DA:14,0
DA:27,0
DA:29,0
DA:31,0
DA:32,0
DA:34,0
DA:35,0
DA:37,0
DA:42,0
DA:43,0
DA:44,0
DA:48,0
DA:54,0
DA:56,0
DA:59,0
DA:74,0
DA:75,0
DA:76,0
DA:80,0
DA:81,0
DA:82,0
DA:84,0
DA:85,0
DA:95,0
DA:113,0
DA:114,0
DA:118,0
DA:120,0
DA:125,0
DA:126,0
DA:127,0
DA:129,0
DA:131,0
DA:132,0
DA:134,0
DA:135,0
DA:136,0
DA:139,0
DA:141,0
DA:145,0
DA:146,0
DA:148,0
DA:149,0
DA:150,0
DA:151,0
DA:164,0
DA:165,0
DA:166,0
DA:168,0
DA:169,0
DA:170,0
DA:185,0
DA:193,0
DA:194,0
DA:199,0
DA:201,0
LF:56
LH:0
end_of_record
SF:lib/features/calendar/presentation/widgets/calendar_day_cell.dart
DA:9,0
DA:30,0
DA:32,0
DA:33,0
DA:34,0
DA:35,0
DA:36,0
DA:37,0
DA:39,0
DA:41,0
DA:42,0
DA:43,0
DA:50,0
DA:52,0
DA:53,0
DA:54,0
DA:56,0
DA:62,0
DA:65,0
DA:72,0
DA:73,0
DA:74,0
DA:76,0
DA:77,0
DA:83,0
DA:84,0
DA:85,0
DA:87,0
DA:89,0
DA:90,0
DA:92,0
DA:93,0
DA:95,0
DA:99,0
DA:100,0
DA:102,0
LF:36
LH:0
end_of_record
SF:lib/features/google/presentation/providers/google_providers.dart
DA:7,0
DA:8,0
DA:10,0
DA:16,0
DA:17,0
DA:19,0
DA:23,0
LF:7
LH:0
end_of_record
SF:lib/features/google/data/google_calendar_service.dart
DA:10,0
DA:14,0
DA:15,0
DA:21,0
DA:22,0
DA:26,0
DA:27,0
DA:31,0
DA:32,0
DA:36,0
DA:37,0
DA:41,0
DA:47,0
DA:54,0
DA:56,0
DA:58,0
DA:59,0
DA:61,0
DA:62,0
DA:69,0
DA:71,0
DA:75,0
DA:82,0
DA:83,0
DA:84,0
DA:88,0
DA:89,0
DA:90,0
DA:92,0
DA:93,0
DA:94,0
DA:99,0
DA:104,0
DA:109,0
DA:111,0
DA:112,0
DA:115,0
DA:117,0
DA:118,0
LF:39
LH:0
end_of_record
SF:lib/features/import/data/import_repository.dart
DA:7,0
DA:10,0
DA:17,0
DA:18,0
DA:19,0
DA:20,0
DA:23,0
DA:24,0
DA:26,0
DA:27,0
DA:29,0
DA:33,0
DA:36,0
DA:37,0
DA:42,0
DA:43,0
DA:44,0
DA:52,0
DA:55,0
DA:56,0
DA:57,0
DA:58,0
DA:59,0
LF:23
LH:0
end_of_record
SF:lib/features/import/presentation/providers/import_providers.dart
DA:15,0
DA:16,0
DA:21,1
DA:25,1
DA:29,1
DA:33,0
DA:45,1
DA:52,0
DA:65,0
DA:70,0
DA:83,0
DA:85,0
DA:87,0
DA:90,0
DA:94,0
DA:96,0
DA:97,0
DA:99,0
DA:103,0
DA:105,0
DA:106,0
DA:108,0
DA:109,0
DA:113,0
DA:114,0
DA:119,0
DA:120,0
DA:121,0
DA:124,0
DA:125,0
DA:126,0
DA:132,0
DA:137,0
DA:138,0
DA:142,0
DA:143,0
DA:144,0
DA:145,0
DA:147,0
DA:148,0
DA:149,0
DA:151,0
DA:152,0
DA:159,0
DA:160,0
DA:163,0
DA:167,0
DA:172,0
DA:173,0
DA:175,0
DA:178,0
DA:182,0
DA:183,0
DA:184,0
DA:188,0
DA:192,0
DA:193,0
DA:195,0
DA:196,0
DA:197,0
DA:198,0
DA:201,0
DA:202,0
DA:210,0
DA:212,0
DA:213,0
DA:215,0
DA:220,0
DA:221,0
DA:226,0
DA:227,0
DA:228,0
DA:229,0
DA:230,0
DA:231,0
LF:75
LH:4
end_of_record
SF:lib/features/schedule/presentation/providers/schedule_providers.dart
DA:8,0
DA:9,0
DA:13,0
DA:18,0
DA:23,0
DA:24,0
DA:30,0
DA:32,0
DA:33,0
DA:34,0
DA:35,0
DA:39,0
DA:40,0
DA:41,0
DA:44,0
DA:45,0
DA:46,0
DA:47,0
DA:50,0
DA:54,0
DA:55,0
DA:56,0
DA:57,0
DA:61,0
DA:67,0
DA:68,0
DA:74,0
DA:78,0
DA:79,0
DA:82,0
DA:86,0
DA:89,0
DA:90,0
DA:91,0
DA:92,0
DA:95,0
DA:97,0
DA:101,0
DA:102,0
DA:103,0
DA:104,0
DA:105,0
DA:109,0
DA:113,0
DA:114,0
DA:115,0
LF:46
LH:0
end_of_record
SF:lib/features/import/presentation/widgets/import_section.dart
DA:16,1
DA:18,0
DA:20,0
DA:23,0
DA:24,0
DA:25,0
DA:26,0
DA:33,0
DA:34,0
DA:35,0
DA:36,0
DA:38,0
DA:39,0
DA:44,0
DA:45,0
DA:50,0
DA:52,0
DA:53,0
DA:55,0
DA:60,0
DA:62,0
DA:63,0
DA:64,0
DA:68,0
DA:79,0
DA:80,0
DA:82,0
DA:83,0
DA:86,0
DA:88,0
DA:97,0
DA:104,0
DA:106,0
DA:107,0
DA:108,0
DA:112,0
DA:117,0
DA:118,0
DA:119,0
DA:121,0
DA:122,0
DA:123,0
DA:126,0
DA:133,0
DA:134,0
DA:135,0
DA:136,0
DA:148,0
DA:155,0
DA:156,0
DA:161,0
DA:163,0
DA:164,0
DA:165,0
DA:166,0
DA:167,0
DA:171,0
DA:173,0
DA:174,0
DA:175,0
DA:181,0
DA:182,0
DA:191,0
DA:193,0
DA:194,0
DA:201,0
DA:202,0
DA:204,0
DA:205,0
DA:206,0
DA:217,0
DA:218,0
DA:223,0
DA:225,0
DA:226,0
DA:227,0
DA:230,0
DA:232,0
DA:240,0
DA:242,0
DA:247,0
DA:249,0
DA:250,0
DA:251,0
DA:263,0
DA:270,0
DA:271,0
DA:272,0
LF:88
LH:1
end_of_record
SF:lib/features/import/presentation/widgets/import_summary_card.dart
DA:9,0
DA:21,0
DA:22,0
DA:25,0
DA:28,0
DA:31,0
DA:37,0
DA:39,0
DA:40,0
DA:42,0
DA:44,0
DA:45,0
DA:46,0
DA:53,0
DA:54,0
DA:56,0
DA:57,0
DA:59,0
DA:65,0
DA:66,0
DA:67,0
DA:79,0
DA:81,0
DA:86,0
DA:87,0
DA:89,0
DA:90,0
DA:91,0
DA:94,0
DA:95,0
DA:96,0
DA:100,0
DA:101,0
DA:102,0
DA:103,0
DA:108,0
DA:109,0
DA:110,0
LF:38
LH:0
end_of_record
SF:lib/features/schedule/presentation/widgets/schedule_edit_sheet.dart
DA:15,0
DA:20,0
DA:21,0
DA:29,0
DA:33,0
DA:34,0
DA:42,0
DA:44,0
DA:45,0
DA:46,0
DA:47,0
DA:48,0
DA:49,0
DA:52,0
DA:54,0
DA:55,0
DA:56,0
DA:59,0
DA:60,0
DA:61,0
DA:62,0
DA:63,0
DA:64,0
DA:68,0
DA:72,0
DA:73,0
DA:74,0
DA:76,0
DA:77,0
DA:79,0
DA:82,0
DA:85,0
DA:87,0
DA:88,0
DA:92,0
DA:94,0
DA:97,0
DA:107,0
DA:108,0
DA:114,0
DA:115,0
DA:122,0
DA:123,0
DA:124,0
DA:129,0
DA:130,0
DA:135,0
DA:136,0
DA:137,0
DA:138,0
DA:139,0
DA:144,0
DA:145,0
DA:146,0
LF:54
LH:0
end_of_record
SF:lib/features/schedule/presentation/widgets/schedule_filter_bar.dart
DA:12,1
DA:14,0
DA:16,0
DA:18,0
DA:24,0
DA:25,0
DA:26,0
DA:30,0
DA:31,0
DA:35,0
DA:38,0
DA:39,0
DA:40,0
DA:45,0
DA:48,0
DA:49,0
DA:50,0
DA:61,0
DA:73,0
DA:75,0
DA:76,0
DA:77,0
DA:78,0
DA:79,0
DA:80,0
DA:81,0
DA:82,0
DA:83,0
DA:85,0
DA:86,0
DA:88,0
DA:89,0
LF:32
LH:1
end_of_record
SF:lib/features/schedule/presentation/widgets/schedule_tile.dart
DA:11,0
DA:24,0
DA:26,0
DA:27,0
DA:34,0
DA:40,0
DA:46,0
DA:47,0
DA:49,0
DA:50,0
DA:56,0
DA:57,0
DA:58,0
DA:61,0
DA:62,0
DA:63,0
DA:64,0
DA:65,0
DA:67,0
DA:68,0
DA:69,0
DA:71,0
DA:72,0
DA:74,0
DA:75,0
DA:76,0
DA:77,0
DA:78,0
DA:81,0
DA:82,0
DA:83,0
DA:96,0
DA:97,0
DA:98,0
DA:104,0
DA:105,0
DA:116,0
DA:118,0
DA:128,0
DA:129,0
DA:130,0
DA:133,0
DA:135,0
DA:141,0
DA:142,0
DA:147,0
DA:149,0
DA:151,0
DA:169,0
DA:170,0
DA:175,0
DA:176,0
DA:177,0
DA:179,0
DA:180,0
DA:181,0
DA:183,0
DA:190,0
DA:196,0
DA:201,0
DA:203,0
DA:207,0
DA:209,0
DA:210,0
DA:212,0
DA:224,0
DA:226,0
DA:228,0
DA:233,0
DA:234,0
DA:235,0
DA:236,0
DA:239,0
DA:243,0
DA:244,0
DA:245,0
DA:246,0
DA:247,0
DA:248,0
DA:251,0
DA:253,0
DA:254,0
LF:82
LH:0
end_of_record
SF:lib/features/schedule/presentation/widgets/slide_hint_bar.dart
DA:12,0
DA:13,0
DA:16,0
DA:18,0
DA:19,0
DA:22,0
DA:23,0
DA:24,0
DA:25,0
DA:36,1
DA:38,0
DA:40,0
DA:41,0
DA:44,0
DA:57,0
DA:59,0
DA:60,0
DA:62,0
DA:64,0
DA:86,0
DA:87,0
DA:88,0
DA:89,0
DA:106,1
DA:118,0
DA:120,0
DA:121,0
DA:122,0
DA:127,0
DA:128,0
DA:129,0
DA:131,0
DA:134,0
DA:136,0
DA:137,0
DA:138,0
DA:139,0
DA:141,0
LF:38
LH:2
end_of_record
SF:lib/features/settings/data/app_reset_repository.dart
DA:10,0
DA:11,0
DA:13,0
LF:3
LH:0
end_of_record
SF:lib/features/settings/data/schedule_csv_exporter.dart
DA:15,0
DA:16,0
DA:23,0
DA:24,0
DA:25,0
DA:28,0
DA:31,0
DA:34,0
DA:36,0
DA:37,0
DA:38,0
DA:39,0
DA:40,0
DA:41,0
DA:42,0
DA:46,0
DA:49,0
DA:50,0
DA:51,0
DA:52,0
DA:53,0
DA:54,0
DA:59,0
DA:61,0
DA:63,0
DA:65,0
LF:26
LH:0
end_of_record
SF:lib/features/settings/presentation/providers/app_info_provider.dart
DA:6,0
DA:17,0
DA:21,0
DA:22,0
DA:23,0
DA:24,0
DA:25,0
DA:26,0
LF:8
LH:0
end_of_record
SF:lib/features/settings/presentation/providers/settings_providers.dart
DA:10,0
DA:11,0
DA:16,1
DA:20,1
DA:24,1
DA:28,1
DA:32,0
DA:38,0
DA:42,0
DA:43,0
DA:45,0
DA:48,0
DA:49,0
DA:50,0
DA:52,0
DA:54,0
DA:59,0
DA:60,0
DA:61,0
DA:65,0
DA:66,0
LF:21
LH:4
end_of_record
SF:lib/features/trash/presentation/providers/trash_providers.dart
DA:10,0
DA:18,0
DA:19,0
DA:23,0
DA:24,0
DA:27,0
DA:31,0
DA:32,0
DA:34,0
DA:35,0
DA:37,0
DA:38,0
DA:39,0
DA:40,0
DA:43,0
DA:44,0
DA:45,0
DA:46,0
DA:47,0
DA:50,0
DA:51,0
DA:52,0
DA:53,0
DA:54,0
DA:57,0
DA:58,0
DA:59,0
DA:60,0
DA:63,0
DA:64,0
DA:65,0
DA:66,0
DA:72,0
DA:75,0
DA:76,0
DA:77,0
DA:79,0
DA:80,0
DA:81,0
LF:39
LH:0
end_of_record
